<?xml version="1.0" encoding="UTF-8"?>
<!-- Generated by org.testng.reporters.JUnitXMLReporter -->
<testsuite ignored="0" hostname="DESKTOP-R98TUS7" failures="0" tests="2" name="Default test" time="31.312" errors="0" timestamp="27 Sep 2023 08:35:40 GMT">
  <testcase classname="cucumber.api.testng.AbstractTestNGCucumberTests" name="runScenario" time="19.904"/>
  <testcase classname="cucumber.api.testng.AbstractTestNGCucumberTests" name="runScenario" time="10.843"/>
</testsuite> <!-- Default test -->
