<?xml version="1.0" encoding="UTF-8"?>
<testng-results ignored="0" total="2" passed="2" failed="0" skipped="0">
  <reporter-output>
  </reporter-output>
  <suite started-at="2023-09-27T08:35:08Z" name="Default suite" finished-at="2023-09-27T08:35:40Z" duration-ms="31312">
    <groups>
      <group name="cucumber">
        <method signature="AbstractTestNGCucumberTests.runScenario(cucumber.api.testng.PickleEventWrapper, cucumber.api.testng.CucumberFeatureWrapper)[pri:0, instance:runnerpackage.FabRunner@7a67e3c6]" name="runScenario" class="cucumber.api.testng.AbstractTestNGCucumberTests"/>
      </group> <!-- cucumber -->
    </groups>
    <test started-at="2023-09-27T08:35:08Z" name="Default test" finished-at="2023-09-27T08:35:40Z" duration-ms="31312">
      <class name="runnerpackage.FabRunner">
        <test-method is-config="true" signature="setUpClass()[pri:0, instance:runnerpackage.FabRunner@7a67e3c6]" started-at="2023-09-27T08:35:08Z" name="setUpClass" finished-at="2023-09-27T08:35:08Z" duration-ms="224" status="PASS">
          <reporter-output>
          </reporter-output>
        </test-method> <!-- setUpClass -->
        <test-method signature="runScenario(cucumber.api.testng.PickleEventWrapper, cucumber.api.testng.CucumberFeatureWrapper)[pri:0, instance:runnerpackage.FabRunner@7a67e3c6]" started-at="2023-09-27T08:35:09Z" name="runScenario" description="Runs Cucumber Scenarios" data-provider="scenarios" finished-at="2023-09-27T08:35:28Z" duration-ms="19904" status="PASS">
          <params>
            <param index="0">
              <value>
                <![CDATA["Login details"]]>
              </value>
            </param>
            <param index="1">
              <value>
                <![CDATA["FabIndia Application Test"]]>
              </value>
            </param>
          </params>
          <reporter-output>
          </reporter-output>
        </test-method> <!-- runScenario -->
        <test-method signature="runScenario(cucumber.api.testng.PickleEventWrapper, cucumber.api.testng.CucumberFeatureWrapper)[pri:0, instance:runnerpackage.FabRunner@7a67e3c6]" started-at="2023-09-27T08:35:28Z" name="runScenario" description="Runs Cucumber Scenarios" data-provider="scenarios" finished-at="2023-09-27T08:35:39Z" duration-ms="10843" status="PASS">
          <params>
            <param index="0">
              <value>
                <![CDATA["Kids Page"]]>
              </value>
            </param>
            <param index="1">
              <value>
                <![CDATA["FabIndia Application Test"]]>
              </value>
            </param>
          </params>
          <reporter-output>
          </reporter-output>
        </test-method> <!-- runScenario -->
        <test-method is-config="true" signature="tearDownClass()[pri:0, instance:runnerpackage.FabRunner@7a67e3c6]" started-at="2023-09-27T08:35:39Z" name="tearDownClass" finished-at="2023-09-27T08:35:40Z" duration-ms="228" status="PASS">
          <reporter-output>
          </reporter-output>
        </test-method> <!-- tearDownClass -->
      </class> <!-- runnerpackage.FabRunner -->
    </test> <!-- Default test -->
  </suite> <!-- Default suite -->
</testng-results>
